app/build/intermediates/manifest_merge_blame_file/debug/processDebugMainManifest/manifest-merger-blame-debug-report.txt
1<?xml version="1.0" encoding="utf-8"?>
2<manifest xmlns:android="http://schemas.android.com/apk/res/android"
3    package="com.baining.str"
4    android:versionCode="15"
5    android:versionName="1.5" >
6
7    <uses-sdk
8        android:minSdkVersion="26"
9        android:targetSdkVersion="35" />
10
11    <uses-permission
11-->src/main/AndroidManifest.xml:5:5-107
12        android:name="android.permission.READ_EXTERNAL_STORAGE"
12-->src/main/AndroidManifest.xml:5:22-77
13        android:maxSdkVersion="32" />
13-->src/main/AndroidManifest.xml:5:78-104
14    <uses-permission
14-->src/main/AndroidManifest.xml:6:5-108
15        android:name="android.permission.WRITE_EXTERNAL_STORAGE"
15-->src/main/AndroidManifest.xml:6:22-78
16        android:maxSdkVersion="32" />
16-->src/main/AndroidManifest.xml:6:79-105
17    <uses-permission android:name="android.permission.MANAGE_EXTERNAL_STORAGE" />
17-->src/main/AndroidManifest.xml:7:5-111
17-->src/main/AndroidManifest.xml:7:22-79
18    <uses-permission android:name="android.permission.SYSTEM_ALERT_WINDOW" />
18-->src/main/AndroidManifest.xml:8:5-78
18-->src/main/AndroidManifest.xml:8:22-75
19    <uses-permission android:name="android.permission.FOREGROUND_SERVICE" />
19-->src/main/AndroidManifest.xml:9:5-77
19-->src/main/AndroidManifest.xml:9:22-74
20    <uses-permission android:name="android.permission.FOREGROUND_SERVICE_MEDIA_PROJECTION" />
20-->src/main/AndroidManifest.xml:10:5-94
20-->src/main/AndroidManifest.xml:10:22-91
21    <uses-permission android:name="android.permission.FOREGROUND_SERVICE_SPECIAL_USE" />
21-->src/main/AndroidManifest.xml:11:5-89
21-->src/main/AndroidManifest.xml:11:22-86
22    <uses-permission android:name="android.permission.POST_NOTIFICATIONS" />
22-->src/main/AndroidManifest.xml:12:5-77
22-->src/main/AndroidManifest.xml:12:22-74
23    <uses-permission android:name="android.permission.WAKE_LOCK" />
23-->src/main/AndroidManifest.xml:13:5-68
23-->src/main/AndroidManifest.xml:13:22-65
24    <uses-permission android:name="android.permission.VIBRATE" />
24-->src/main/AndroidManifest.xml:14:5-66
24-->src/main/AndroidManifest.xml:14:22-63
25    <uses-permission android:name="android.permission.RECORD_AUDIO" />
25-->src/main/AndroidManifest.xml:15:5-71
25-->src/main/AndroidManifest.xml:15:22-68
26    <uses-permission android:name="android.permission.READ_MEDIA_IMAGES" />
26-->src/main/AndroidManifest.xml:16:5-76
26-->src/main/AndroidManifest.xml:16:22-73
27    <uses-permission android:name="android.permission.READ_MEDIA_VIDEO" />
27-->src/main/AndroidManifest.xml:17:5-75
27-->src/main/AndroidManifest.xml:17:22-72
28
29    <permission
29-->[androidx.core:core:1.16.0] AndroidManifest.xml:22:5-24:47
30        android:name="com.baining.str.DYNAMIC_RECEIVER_NOT_EXPORTED_PERMISSION"
30-->[androidx.core:core:1.16.0] AndroidManifest.xml:23:9-81
31        android:protectionLevel="signature" />
31-->[androidx.core:core:1.16.0] AndroidManifest.xml:24:9-44
32
33    <uses-permission android:name="com.baining.str.DYNAMIC_RECEIVER_NOT_EXPORTED_PERMISSION" />
33-->[androidx.core:core:1.16.0] AndroidManifest.xml:26:5-97
33-->[androidx.core:core:1.16.0] AndroidManifest.xml:26:22-94
34
35    <application
35-->src/main/AndroidManifest.xml:19:5-62:19
36        android:allowBackup="true"
36-->src/main/AndroidManifest.xml:20:9-35
37        android:appComponentFactory="androidx.core.app.CoreComponentFactory"
37-->[androidx.core:core:1.16.0] AndroidManifest.xml:28:18-86
38        android:dataExtractionRules="@xml/data_extraction_rules"
38-->src/main/AndroidManifest.xml:21:9-65
39        android:debuggable="true"
40        android:extractNativeLibs="false"
41        android:fullBackupContent="@xml/backup_rules"
41-->src/main/AndroidManifest.xml:22:9-54
42        android:icon="@mipmap/ic_launcher"
42-->src/main/AndroidManifest.xml:23:9-43
43        android:label="@string/app_name"
43-->src/main/AndroidManifest.xml:24:9-41
44        android:roundIcon="@mipmap/ic_launcher_round"
44-->src/main/AndroidManifest.xml:25:9-54
45        android:supportsRtl="true"
45-->src/main/AndroidManifest.xml:26:9-35
46        android:theme="@style/Theme.MyApplication" >
46-->src/main/AndroidManifest.xml:27:9-51
47        <activity
47-->src/main/AndroidManifest.xml:30:9-40:20
48            android:name="com.baining.str.MainActivity"
48-->src/main/AndroidManifest.xml:31:13-41
49            android:exported="true"
49-->src/main/AndroidManifest.xml:32:13-36
50            android:label="@string/app_name"
50-->src/main/AndroidManifest.xml:33:13-45
51            android:theme="@style/Theme.MyApplication"
51-->src/main/AndroidManifest.xml:34:13-55
52            android:windowSoftInputMode="adjustResize" >
52-->src/main/AndroidManifest.xml:35:13-55
53            <intent-filter>
53-->src/main/AndroidManifest.xml:36:13-39:29
54                <action android:name="android.intent.action.MAIN" />
54-->src/main/AndroidManifest.xml:37:17-69
54-->src/main/AndroidManifest.xml:37:25-66
55
56                <category android:name="android.intent.category.LAUNCHER" />
56-->src/main/AndroidManifest.xml:38:17-77
56-->src/main/AndroidManifest.xml:38:27-74
57            </intent-filter>
58        </activity>
59
60        <service
60-->src/main/AndroidManifest.xml:42:9-50:19
61            android:name="com.baining.str.service.ScreenCaptureService"
61-->src/main/AndroidManifest.xml:43:13-57
62            android:exported="false"
62-->src/main/AndroidManifest.xml:44:13-37
63            android:foregroundServiceType="specialUse" >
63-->src/main/AndroidManifest.xml:45:13-55
64            <property
64-->src/main/AndroidManifest.xml:47:13-49:49
65                android:name="android.app.PROPERTY_SPECIAL_USE_FGS_SUBTYPE"
65-->src/main/AndroidManifest.xml:48:17-76
66                android:value="screenCapture" />
66-->src/main/AndroidManifest.xml:49:17-46
67        </service>
68        <service
68-->src/main/AndroidManifest.xml:52:9-60:19
69            android:name="com.baining.str.service.FloatingWindowService"
69-->src/main/AndroidManifest.xml:53:13-58
70            android:exported="false"
70-->src/main/AndroidManifest.xml:54:13-37
71            android:foregroundServiceType="specialUse" >
71-->src/main/AndroidManifest.xml:55:13-55
72            <property
72-->src/main/AndroidManifest.xml:47:13-49:49
73                android:name="android.app.PROPERTY_SPECIAL_USE_FGS_SUBTYPE"
73-->src/main/AndroidManifest.xml:48:17-76
74                android:value="floatingWindow" />
74-->src/main/AndroidManifest.xml:49:17-46
75        </service>
76
77        <provider
77-->[androidx.emoji2:emoji2:1.4.0] AndroidManifest.xml:24:9-32:20
78            android:name="androidx.startup.InitializationProvider"
78-->[androidx.emoji2:emoji2:1.4.0] AndroidManifest.xml:25:13-67
79            android:authorities="com.baining.str.androidx-startup"
79-->[androidx.emoji2:emoji2:1.4.0] AndroidManifest.xml:26:13-68
80            android:exported="false" >
80-->[androidx.emoji2:emoji2:1.4.0] AndroidManifest.xml:27:13-37
81            <meta-data
81-->[androidx.emoji2:emoji2:1.4.0] AndroidManifest.xml:29:13-31:52
82                android:name="androidx.emoji2.text.EmojiCompatInitializer"
82-->[androidx.emoji2:emoji2:1.4.0] AndroidManifest.xml:30:17-75
83                android:value="androidx.startup" />
83-->[androidx.emoji2:emoji2:1.4.0] AndroidManifest.xml:31:17-49
84            <meta-data
84-->[androidx.lifecycle:lifecycle-process:2.9.4] AndroidManifest.xml:29:13-31:52
85                android:name="androidx.lifecycle.ProcessLifecycleInitializer"
85-->[androidx.lifecycle:lifecycle-process:2.9.4] AndroidManifest.xml:30:17-78
86                android:value="androidx.startup" />
86-->[androidx.lifecycle:lifecycle-process:2.9.4] AndroidManifest.xml:31:17-49
87            <meta-data
87-->[androidx.profileinstaller:profileinstaller:1.4.0] AndroidManifest.xml:29:13-31:52
88                android:name="androidx.profileinstaller.ProfileInstallerInitializer"
88-->[androidx.profileinstaller:profileinstaller:1.4.0] AndroidManifest.xml:30:17-85
89                android:value="androidx.startup" />
89-->[androidx.profileinstaller:profileinstaller:1.4.0] AndroidManifest.xml:31:17-49
90        </provider>
91
92        <uses-library
92-->[androidx.window:window:1.5.0] AndroidManifest.xml:23:9-25:40
93            android:name="androidx.window.extensions"
93-->[androidx.window:window:1.5.0] AndroidManifest.xml:24:13-54
94            android:required="false" />
94-->[androidx.window:window:1.5.0] AndroidManifest.xml:25:13-37
95        <uses-library
95-->[androidx.window:window:1.5.0] AndroidManifest.xml:26:9-28:40
96            android:name="androidx.window.sidecar"
96-->[androidx.window:window:1.5.0] AndroidManifest.xml:27:13-51
97            android:required="false" />
97-->[androidx.window:window:1.5.0] AndroidManifest.xml:28:13-37
98
99        <activity
99-->[androidx.compose.ui:ui-test-manifest:1.10.2] AndroidManifest.xml:23:9-26:79
100            android:name="androidx.activity.ComponentActivity"
100-->[androidx.compose.ui:ui-test-manifest:1.10.2] AndroidManifest.xml:24:13-63
101            android:exported="true"
101-->[androidx.compose.ui:ui-test-manifest:1.10.2] AndroidManifest.xml:25:13-36
102            android:theme="@android:style/Theme.Material.Light.NoActionBar" />
102-->[androidx.compose.ui:ui-test-manifest:1.10.2] AndroidManifest.xml:26:13-76
103        <activity
103-->[androidx.compose.ui:ui-tooling-android:1.10.2] AndroidManifest.xml:23:9-25:39
104            android:name="androidx.compose.ui.tooling.PreviewActivity"
104-->[androidx.compose.ui:ui-tooling-android:1.10.2] AndroidManifest.xml:24:13-71
105            android:exported="true" />
105-->[androidx.compose.ui:ui-tooling-android:1.10.2] AndroidManifest.xml:25:13-36
106
107        <receiver
107-->[androidx.profileinstaller:profileinstaller:1.4.0] AndroidManifest.xml:34:9-52:20
108            android:name="androidx.profileinstaller.ProfileInstallReceiver"
108-->[androidx.profileinstaller:profileinstaller:1.4.0] AndroidManifest.xml:35:13-76
109            android:directBootAware="false"
109-->[androidx.profileinstaller:profileinstaller:1.4.0] AndroidManifest.xml:36:13-44
110            android:enabled="true"
110-->[androidx.profileinstaller:profileinstaller:1.4.0] AndroidManifest.xml:37:13-35
111            android:exported="true"
111-->[androidx.profileinstaller:profileinstaller:1.4.0] AndroidManifest.xml:38:13-36
112            android:permission="android.permission.DUMP" >
112-->[androidx.profileinstaller:profileinstaller:1.4.0] AndroidManifest.xml:39:13-57
113            <intent-filter>
113-->[androidx.profileinstaller:profileinstaller:1.4.0] AndroidManifest.xml:40:13-42:29
114                <action android:name="androidx.profileinstaller.action.INSTALL_PROFILE" />
114-->[androidx.profileinstaller:profileinstaller:1.4.0] AndroidManifest.xml:41:17-91
114-->[androidx.profileinstaller:profileinstaller:1.4.0] AndroidManifest.xml:41:25-88
115            </intent-filter>
116            <intent-filter>
116-->[androidx.profileinstaller:profileinstaller:1.4.0] AndroidManifest.xml:43:13-45:29
117                <action android:name="androidx.profileinstaller.action.SKIP_FILE" />
117-->[androidx.profileinstaller:profileinstaller:1.4.0] AndroidManifest.xml:44:17-85
117-->[androidx.profileinstaller:profileinstaller:1.4.0] AndroidManifest.xml:44:25-82
118            </intent-filter>
119            <intent-filter>
119-->[androidx.profileinstaller:profileinstaller:1.4.0] AndroidManifest.xml:46:13-48:29
120                <action android:name="androidx.profileinstaller.action.SAVE_PROFILE" />
120-->[androidx.profileinstaller:profileinstaller:1.4.0] AndroidManifest.xml:47:17-88
120-->[androidx.profileinstaller:profileinstaller:1.4.0] AndroidManifest.xml:47:25-85
121            </intent-filter>
122            <intent-filter>
122-->[androidx.profileinstaller:profileinstaller:1.4.0] AndroidManifest.xml:49:13-51:29
123                <action android:name="androidx.profileinstaller.action.BENCHMARK_OPERATION" />
123-->[androidx.profileinstaller:profileinstaller:1.4.0] AndroidManifest.xml:50:17-95
123-->[androidx.profileinstaller:profileinstaller:1.4.0] AndroidManifest.xml:50:25-92
124            </intent-filter>
125        </receiver>
126    </application>
127
128</manifest>